<?xml version="1.0" encoding="UTF-8"?>
<!-- Generated by org.testng.reporters.JUnitReportReporter -->
<testsuite hostname="DESKTOP-8C0LO3K" failures="0" tests="1" name="basics.KeyDifference" time="0.027" errors="0" timestamp="2025-04-30T07:49:58 IST" skipped="0">
  <testcase classname="basics.KeyDifference" name="hhjj" time="0.027"/>
</testsuite> <!-- basics.KeyDifference -->
