<?xml version="1.0" encoding="UTF-8"?>
<!-- Generated by org.testng.reporters.JUnitReportReporter -->
<testsuite hostname="DESKTOP-8C0LO3K" failures="0" tests="1" name="basics.LearnDeserialization" time="3.933" errors="0" timestamp="2025-05-02T08:12:18 IST" skipped="0">
  <testcase classname="basics.LearnDeserialization" name="myFirstDeserializeTest" time="3.933"/>
</testsuite> <!-- basics.LearnDeserialization -->
