<?xml version="1.0" encoding="UTF-8"?>
<!-- Generated by org.testng.reporters.JUnitReportReporter -->
<testsuite hostname="DESKTOP-8C0LO3K" failures="0" tests="1" name="basics.LibraryManagementSystem" time="7.371" errors="0" timestamp="2025-05-02T07:22:01 IST" skipped="0">
  <testcase classname="basics.LibraryManagementSystem" name="verifyLibraryE2ETests" time="7.371"/>
</testsuite> <!-- basics.LibraryManagementSystem -->
