<?xml version="1.0" encoding="UTF-8"?>
<!-- Generated by org.testng.reporters.JUnitReportReporter -->
<testsuite hostname="DESKTOP-8C0LO3K" failures="0" tests="1" name="basics.LibraryManagementSystem" time="1.748" errors="0" timestamp="2025-04-29T08:22:26 IST" skipped="0">
  <testcase classname="basics.LibraryManagementSystem" name="verifyLibraryE2ETests" time="1.748"/>
</testsuite> <!-- basics.LibraryManagementSystem -->
