<?xml version="1.0" encoding="UTF-8"?>
<!-- Generated by org.testng.reporters.JUnitReportReporter -->
<testsuite hostname="DESKTOP-8C0LO3K" failures="0" tests="1" name="basics.LibraryManagementSystem" time="4.500" errors="0" timestamp="2025-04-30T08:32:15 IST" skipped="0">
  <testcase classname="basics.LibraryManagementSystem" name="verifyLibraryE2ETests" time="4.500"/>
</testsuite> <!-- basics.LibraryManagementSystem -->
