<?xml version="1.0" encoding="UTF-8"?>
<!-- Generated by org.testng.reporters.JUnitReportReporter -->
<testsuite hostname="DESKTOP-8C0LO3K" failures="0" tests="1" name="basics.LearnSpecBuilder" time="9.323" errors="0" timestamp="2025-05-05T08:14:04 IST" skipped="0">
  <testcase classname="basics.LearnSpecBuilder" name="verifyLibraryE2ETests" time="9.323"/>
</testsuite> <!-- basics.LearnSpecBuilder -->
