<?xml version="1.0" encoding="UTF-8"?>
<!-- Generated by org.testng.reporters.JUnitReportReporter -->
<testsuite hostname="DESKTOP-8C0LO3K" failures="0" tests="1" name="basics.LearnSerialization" time="4.800" errors="0" timestamp="2025-04-30T08:34:34 IST" skipped="0">
  <testcase classname="basics.LearnSerialization" name="verifyUserAbleToAddBookUsingSerialization" time="4.800"/>
</testsuite> <!-- basics.LearnSerialization -->
