<?xml version="1.0" encoding="UTF-8"?>
<!-- Generated by org.testng.reporters.JUnitReportReporter -->
<testsuite hostname="DESKTOP-8C0LO3K" failures="0" tests="1" name="basics.Parsing" time="7.111" errors="0" timestamp="2025-04-30T07:55:20 IST" skipped="0">
  <testcase classname="basics.Parsing" name="test" time="7.111"/>
</testsuite> <!-- basics.Parsing -->
