<?xml version="1.0" encoding="UTF-8"?>
<!-- Generated by org.testng.reporters.JUnitReportReporter -->
<testsuite hostname="DESKTOP-8C0LO3K" failures="0" tests="1" name="basics.LibraryManagementSystem" time="13.043" errors="0" timestamp="2025-05-05T07:19:09 IST" skipped="0">
  <testcase classname="basics.LibraryManagementSystem" name="verifyLibraryE2ETests" time="13.043"/>
</testsuite> <!-- basics.LibraryManagementSystem -->
